<?xml version="1.0" encoding="UTF-8"?>
<testsuite xmlns:xsi="http://www.w3.org/2001/XMLSchema-instance" xsi:noNamespaceSchemaLocation="https://maven.apache.org/surefire/maven-surefire-plugin/xsd/surefire-test-report.xsd" version="3.0.2" name="io.github.TiaMarieG.centroidFinder.DfsBinaryGroupFinderTest" time="0.057" tests="25" errors="0" skipped="0" failures="0">
  <properties>
[...]
</properties>
  <testcase name="testLongHorizontalWithBreak" classname="io.github.TiaMarieG.centroidFinder.DfsBinaryGroupFinderTest" time="0.001"/>
  <testcase name="testComplexShapeGroup" classname="io.github.TiaMarieG.centroidFinder.DfsBinaryGroupFinderTest" time="0.001"/>
  <testcase name="testGroupAtBottomRightCorner" classname="io.github.TiaMarieG.centroidFinder.DfsBinaryGroupFinderTest" time="0.001"/>
  <testcase name="testAllOnes" classname="io.github.TiaMarieG.centroidFinder.DfsBinaryGroupFinderTest" time="0.001"/>
  <testcase name="testDiagonalDisconnected" classname="io.github.TiaMarieG.centroidFinder.DfsBinaryGroupFinderTest" time="0.004"/>
  <testcase name="testCornerPixelsOnly" classname="io.github.TiaMarieG.centroidFinder.DfsBinaryGroupFinderTest" time="0.001"/>
  <testcase name="testOneLargeGroup" classname="io.github.TiaMarieG.centroidFinder.DfsBinaryGroupFinderTest" time="0.003"/>
  <testcase name="testClusterAtEdge" classname="io.github.TiaMarieG.centroidFinder.DfsBinaryGroupFinderTest" time="0.001"/>
  <testcase name="testCrossShape" classname="io.github.TiaMarieG.centroidFinder.DfsBinaryGroupFinderTest" time="0.001"/>
  <testcase name="testZigZagGroup" classname="io.github.TiaMarieG.centroidFinder.DfsBinaryGroupFinderTest" time="0.002"/>
  <testcase name="testMultipleEqualSizeGroupsSortedByCentroid" classname="io.github.TiaMarieG.centroidFinder.DfsBinaryGroupFinderTest" time="0.0"/>
  <testcase name="testSortingWithCentroidTieBreaker" classname="io.github.TiaMarieG.centroidFinder.DfsBinaryGroupFinderTest" time="0.001"/>
  <testcase name="testJaggedArray" classname="io.github.TiaMarieG.centroidFinder.DfsBinaryGroupFinderTest" time="0.004"/>
  <testcase name="testTwoVerticalColumns" classname="io.github.TiaMarieG.centroidFinder.DfsBinaryGroupFinderTest" time="0.001"/>
  <testcase name="testLShapedGroup" classname="io.github.TiaMarieG.centroidFinder.DfsBinaryGroupFinderTest" time="0.001"/>
  <testcase name="testRingShape" classname="io.github.TiaMarieG.centroidFinder.DfsBinaryGroupFinderTest" time="0.001"/>
  <testcase name="testVerticalLine" classname="io.github.TiaMarieG.centroidFinder.DfsBinaryGroupFinderTest" time="0.0"/>
  <testcase name="testTwoDisconnectedGroups" classname="io.github.TiaMarieG.centroidFinder.DfsBinaryGroupFinderTest" time="0.0"/>
  <testcase name="testNoGroups" classname="io.github.TiaMarieG.centroidFinder.DfsBinaryGroupFinderTest" time="0.0"/>
  <testcase name="testSinglePixelInLargeGrid" classname="io.github.TiaMarieG.centroidFinder.DfsBinaryGroupFinderTest" time="0.001"/>
  <testcase name="testCentroidIntegerDivision" classname="io.github.TiaMarieG.centroidFinder.DfsBinaryGroupFinderTest" time="0.0"/>
  <testcase name="testHorizontalLine" classname="io.github.TiaMarieG.centroidFinder.DfsBinaryGroupFinderTest" time="0.001"/>
  <testcase name="testSinglePixelGroup" classname="io.github.TiaMarieG.centroidFinder.DfsBinaryGroupFinderTest" time="0.001"/>
  <testcase name="testImageWithMultipleGroupsAndCentroidCalculation_Variant2" classname="io.github.TiaMarieG.centroidFinder.DfsBinaryGroupFinderTest" time="0.001"/>
  <testcase name="testSparseImage" classname="io.github.TiaMarieG.centroidFinder.DfsBinaryGroupFinderTest" time="0.001"/>
</testsuite>