<?xml version="1.0" encoding="UTF-8"?>
<testsuite xmlns:xsi="http://www.w3.org/2001/XMLSchema-instance" xsi:noNamespaceSchemaLocation="https://maven.apache.org/surefire/maven-surefire-plugin/xsd/surefire-test-report.xsd" version="3.0.2" name="io.github.f3liz.centroidFinder.EuclideanColorDistanceTest" time="0.02" tests="12" errors="0" skipped="0" failures="0">
  <properties>
[...]
</properties>
  <testcase name="testDistance_BlackToWhite" classname="io.github.f3liz.centroidFinder.EuclideanColorDistanceTest" time="0.002"/>
  <testcase name="testDistance_RedToBlue" classname="io.github.f3liz.centroidFinder.EuclideanColorDistanceTest" time="0.001"/>
  <testcase name="testConvertHexToRGB_RandomColor" classname="io.github.f3liz.centroidFinder.EuclideanColorDistanceTest" time="0.001"/>
  <testcase name="testConvertHexToRGB_Black" classname="io.github.f3liz.centroidFinder.EuclideanColorDistanceTest" time="0.001"/>
  <testcase name="testConvertHexToRGB_White" classname="io.github.f3liz.centroidFinder.EuclideanColorDistanceTest" time="0.001"/>
  <testcase name="testDistance_MaxColor" classname="io.github.f3liz.centroidFinder.EuclideanColorDistanceTest" time="0.001"/>
  <testcase name="testDistance_BlackAndBlack" classname="io.github.f3liz.centroidFinder.EuclideanColorDistanceTest" time="0.001"/>
  <testcase name="testDistance_RedToGreen" classname="io.github.f3liz.centroidFinder.EuclideanColorDistanceTest" time="0.001"/>
  <testcase name="testDistance_RandomColors" classname="io.github.f3liz.centroidFinder.EuclideanColorDistanceTest" time="0.0"/>
  <testcase name="testConvertHexToRGB_Blue" classname="io.github.f3liz.centroidFinder.EuclideanColorDistanceTest" time="0.0"/>
  <testcase name="testConvertHexToRGB_Yellow" classname="io.github.f3liz.centroidFinder.EuclideanColorDistanceTest" time="0.001"/>
  <testcase name="testDistance_SmallDifference" classname="io.github.f3liz.centroidFinder.EuclideanColorDistanceTest" time="0.001"/>
</testsuite>