<?xml version="1.0" encoding="UTF-8"?>
<testsuite xmlns:xsi="http://www.w3.org/2001/XMLSchema-instance" xsi:noNamespaceSchemaLocation="https://maven.apache.org/surefire/maven-surefire-plugin/xsd/surefire-test-report-3.0.xsd" version="3.0" name="io.github.brittLiban.centroidfinder.BinarizingImageGroupFinderTest" time="0.174" tests="11" errors="0" skipped="0" failures="0">
  <properties>
[...]
</properties>
  <testcase name="testNullImageThrows" classname="io.github.brittLiban.centroidfinder.BinarizingImageGroupFinderTest" time="0.065"/>
  <testcase name="testConnectedHorizontalGroup" classname="io.github.brittLiban.centroidfinder.BinarizingImageGroupFinderTest" time="0.052"/>
  <testcase name="testCheckerboardPatternOnlyCountsIsolatedPixels" classname="io.github.brittLiban.centroidfinder.BinarizingImageGroupFinderTest" time="0.0"/>
  <testcase name="testNonSquareImageMixedGroups" classname="io.github.brittLiban.centroidfinder.BinarizingImageGroupFinderTest" time="0.0"/>
  <testcase name="testSingleWhitePixelReturnsOneGroup" classname="io.github.brittLiban.centroidfinder.BinarizingImageGroupFinderTest" time="0.0"/>
  <testcase name="testConnectedVerticalGroup" classname="io.github.brittLiban.centroidfinder.BinarizingImageGroupFinderTest" time="0.005"/>
  <testcase name="testAllBlackReturnsNoGroups" classname="io.github.brittLiban.centroidfinder.BinarizingImageGroupFinderTest" time="0.0"/>
  <testcase name="testDiagonalPixelsShouldBeSeparateGroups" classname="io.github.brittLiban.centroidfinder.BinarizingImageGroupFinderTest" time="0.0"/>
  <testcase name="testTwoDisconnectedGroups" classname="io.github.brittLiban.centroidfinder.BinarizingImageGroupFinderTest" time="0.0"/>
  <testcase name="testLargeSingleGroupLShape" classname="io.github.brittLiban.centroidfinder.BinarizingImageGroupFinderTest" time="0.0"/>
  <testcase name="testEntireImageAllWhiteReturnsOneBigGroup" classname="io.github.brittLiban.centroidfinder.BinarizingImageGroupFinderTest" time="0.0"/>
</testsuite>