<?xml version="1.0" encoding="UTF-8"?>
<testsuite xmlns:xsi="http://www.w3.org/2001/XMLSchema-instance" xsi:noNamespaceSchemaLocation="https://maven.apache.org/surefire/maven-surefire-plugin/xsd/surefire-test-report-3.0.xsd" version="3.0" name="io.github.oakes777.salamander.VideoFrameExtractorTest" time="1.771" tests="4" errors="0" skipped="0" failures="0">
  <properties>
[...]
</properties>
  <testcase name="testIteratorReturnsFrames" classname="io.github.oakes777.salamander.VideoFrameExtractorTest" time="0.159"/>
  <testcase name="testConstructorLoadsVideo" classname="io.github.oakes777.salamander.VideoFrameExtractorTest" time="0.004"/>
  <testcase name="testFrameHasValidTimestamp" classname="io.github.oakes777.salamander.VideoFrameExtractorTest" time="0.039"/>
  <testcase name="testNoSuchElementThrownWhenDone" classname="io.github.oakes777.salamander.VideoFrameExtractorTest" time="1.557"/>
</testsuite>