<?xml version="1.0" encoding="UTF-8"?>
<testsuite xmlns:xsi="http://www.w3.org/2001/XMLSchema-instance" xsi:noNamespaceSchemaLocation="https://maven.apache.org/surefire/maven-surefire-plugin/xsd/surefire-test-report-3.0.xsd" version="3.0" name="io.github.AugleBoBaugles.centroidFinder.BinarizingImageGroupFinderTest" time="0.055" tests="5" errors="0" skipped="0" failures="0">
  <properties>
[...]
</properties>
  <testcase name="testFindConnectedGroups_multipleGroups_sortedCorrectly" classname="io.github.AugleBoBaugles.centroidFinder.BinarizingImageGroupFinderTest" time="0.037"/>
  <testcase name="testFindConnectedGroups_allBlackPixels_returnsEmpty" classname="io.github.AugleBoBaugles.centroidFinder.BinarizingImageGroupFinderTest" time="0.001"/>
  <testcase name="test_test" classname="io.github.AugleBoBaugles.centroidFinder.BinarizingImageGroupFinderTest" time="0.001"/>
  <testcase name="testFindConnectedGroups_allWhitePixels_singleGroup" classname="io.github.AugleBoBaugles.centroidFinder.BinarizingImageGroupFinderTest" time="0.001"/>
  <testcase name="testFindConnectedGroups_usesBinarizerAndGroupFinder" classname="io.github.AugleBoBaugles.centroidFinder.BinarizingImageGroupFinderTest" time="0.001"/>
</testsuite>