<?xml version="1.0" encoding="UTF-8"?>
<testsuite xmlns:xsi="http://www.w3.org/2001/XMLSchema-instance" xsi:noNamespaceSchemaLocation="https://maven.apache.org/surefire/maven-surefire-plugin/xsd/surefire-test-report-3.0.xsd" version="3.0" name="io.github.jameson789.app.DfsBinaryGroupFinderTest" time="0.005" tests="9" errors="0" skipped="0" failures="0">
  <properties>
[...]
</properties>
  <testcase name="testHorizontalOnlyGroup" classname="io.github.jameson789.app.DfsBinaryGroupFinderTest" time="0.0"/>
  <testcase name="testNoDiagonalConnection" classname="io.github.jameson789.app.DfsBinaryGroupFinderTest" time="0.0"/>
  <testcase name="testSingleFullGroup" classname="io.github.jameson789.app.DfsBinaryGroupFinderTest" time="0.0"/>
  <testcase name="testVerticalOnlyGroup" classname="io.github.jameson789.app.DfsBinaryGroupFinderTest" time="0.0"/>
  <testcase name="testDisconnectedGroups" classname="io.github.jameson789.app.DfsBinaryGroupFinderTest" time="0.0"/>
  <testcase name="testNonRectangularInputThrowsException" classname="io.github.jameson789.app.DfsBinaryGroupFinderTest" time="0.0"/>
  <testcase name="testNullInputThrowsException" classname="io.github.jameson789.app.DfsBinaryGroupFinderTest" time="0.001"/>
  <testcase name="testImageWithNoGroups" classname="io.github.jameson789.app.DfsBinaryGroupFinderTest" time="0.0"/>
  <testcase name="testNullRowThrowsException" classname="io.github.jameson789.app.DfsBinaryGroupFinderTest" time="0.0"/>
</testsuite>